2019-08-12 16:52:38,882 [main] INFO  o.s.b.t.c.SpringBootTestContextBootstrapper 308 - Neither @ContextConfiguration nor @ContextHierarchy found for test class [com.example.demo.DemoApplicationTests], using SpringBootContextLoader
2019-08-12 16:52:38,887 [main] INFO  o.s.t.c.s.AbstractContextLoader 264 - Could not detect default resource locations for test class [com.example.demo.DemoApplicationTests]: no resource found for suffixes {-context.xml, Context.groovy}.
2019-08-12 16:52:38,887 [main] INFO  o.s.t.c.s.AnnotationConfigContextLoaderUtils 83 - Could not detect default configuration classes for test class [com.example.demo.DemoApplicationTests]: DemoApplicationTests does not declare any static, non-private, non-final, nested classes annotated with @Configuration.
2019-08-12 16:52:38,988 [main] INFO  o.s.b.t.c.SpringBootTestContextBootstrapper 235 - Found @SpringBootConfiguration com.example.demo.DemoApplication for test class com.example.demo.DemoApplicationTests
2019-08-12 16:52:39,068 [main] INFO  o.s.b.t.c.SpringBootTestContextBootstrapper 248 - Loaded default TestExecutionListener class names from location [META-INF/spring.factories]: [org.springframework.boot.test.mock.mockito.MockitoTestExecutionListener, org.springframework.boot.test.mock.mockito.ResetMocksTestExecutionListener, org.springframework.boot.test.autoconfigure.restdocs.RestDocsTestExecutionListener, org.springframework.boot.test.autoconfigure.web.client.MockRestServiceServerResetTestExecutionListener, org.springframework.boot.test.autoconfigure.web.servlet.MockMvcPrintOnlyOnFailureTestExecutionListener, org.springframework.boot.test.autoconfigure.web.servlet.WebDriverTestExecutionListener, org.springframework.test.context.web.ServletTestExecutionListener, org.springframework.test.context.support.DirtiesContextBeforeModesTestExecutionListener, org.springframework.test.context.support.DependencyInjectionTestExecutionListener, org.springframework.test.context.support.DirtiesContextTestExecutionListener, org.springframework.test.context.transaction.TransactionalTestExecutionListener, org.springframework.test.context.jdbc.SqlScriptsTestExecutionListener]
2019-08-12 16:52:39,079 [main] INFO  o.s.b.t.c.SpringBootTestContextBootstrapper 177 - Using TestExecutionListeners: [org.springframework.test.context.web.ServletTestExecutionListener@757acd7b, org.springframework.test.context.support.DirtiesContextBeforeModesTestExecutionListener@36b4fe2a, org.springframework.boot.test.mock.mockito.MockitoTestExecutionListener@574b560f, org.springframework.boot.test.autoconfigure.SpringBootDependencyInjectionTestExecutionListener@ba54932, org.springframework.test.context.support.DirtiesContextTestExecutionListener@28975c28, org.springframework.boot.test.mock.mockito.ResetMocksTestExecutionListener@3943a2be, org.springframework.boot.test.autoconfigure.restdocs.RestDocsTestExecutionListener@343570b7, org.springframework.boot.test.autoconfigure.web.client.MockRestServiceServerResetTestExecutionListener@157853da, org.springframework.boot.test.autoconfigure.web.servlet.MockMvcPrintOnlyOnFailureTestExecutionListener@71c3b41, org.springframework.boot.test.autoconfigure.web.servlet.WebDriverTestExecutionListener@236e3f4e]
2019-08-12 16:52:39,344 [main] INFO  c.example.demo.DemoApplicationTests 50 - Starting DemoApplicationTests on M-NB-1710-001 with PID 2644 (started by welen in D:\springWork\myMvnSpringBoot\demo)
2019-08-12 16:52:39,345 [main] INFO  c.example.demo.DemoApplicationTests 647 - No active profile set, falling back to default profiles: default
2019-08-12 16:52:40,634 [main] INFO  o.s.s.c.ThreadPoolTaskExecutor 171 - Initializing ExecutorService 'applicationTaskExecutor'
2019-08-12 16:52:40,718 [main] INFO  o.s.b.a.w.s.WelcomePageHandlerMapping 58 - Adding welcome page template: index
2019-08-12 16:52:40,981 [main] INFO  c.example.demo.DemoApplicationTests 59 - Started DemoApplicationTests in 1.87 seconds (JVM running for 2.634)
2019-08-12 16:52:41,239 [Thread-3] INFO  o.s.s.c.ThreadPoolTaskExecutor 208 - Shutting down ExecutorService 'applicationTaskExecutor'
2019-08-12 16:52:45,589 [main] INFO  com.example.demo.DemoApplication 50 - Starting DemoApplication v0.0.1-SNAPSHOT on M-NB-1710-001 with PID 1632 (D:\springWork\myMvnSpringBoot\demo\target\demo-0.0.1-SNAPSHOT.jar started by welen in D:\springWork\myMvnSpringBoot\demo)
2019-08-12 16:52:45,593 [main] INFO  com.example.demo.DemoApplication 647 - No active profile set, falling back to default profiles: default
2019-08-12 16:52:46,922 [main] INFO  o.s.b.w.e.tomcat.TomcatWebServer 90 - Tomcat initialized with port(s): 8080 (http)
2019-08-12 16:52:46,949 [main] INFO  o.a.coyote.http11.Http11NioProtocol 173 - Initializing ProtocolHandler ["http-nio-8080"]
2019-08-12 16:52:46,963 [main] INFO  o.a.catalina.core.StandardService 173 - Starting service [Tomcat]
2019-08-12 16:52:46,964 [main] INFO  o.a.catalina.core.StandardEngine 173 - Starting Servlet engine: [Apache Tomcat/9.0.22]
2019-08-12 16:52:47,085 [main] INFO  o.a.c.c.C.[Tomcat].[localhost].[/] 173 - Initializing Spring embedded WebApplicationContext
2019-08-12 16:52:47,085 [main] INFO  o.s.web.context.ContextLoader 284 - Root WebApplicationContext: initialization completed in 1448 ms
2019-08-12 16:52:47,342 [main] INFO  o.s.s.c.ThreadPoolTaskExecutor 171 - Initializing ExecutorService 'applicationTaskExecutor'
2019-08-12 16:52:47,531 [main] INFO  o.s.b.a.w.s.WelcomePageHandlerMapping 58 - Adding welcome page template: index
2019-08-12 16:52:47,674 [main] INFO  o.a.coyote.http11.Http11NioProtocol 173 - Starting ProtocolHandler ["http-nio-8080"]
2019-08-12 16:52:47,698 [main] INFO  o.s.b.w.e.tomcat.TomcatWebServer 202 - Tomcat started on port(s): 8080 (http) with context path ''
2019-08-12 16:52:47,701 [main] INFO  com.example.demo.DemoApplication 59 - Started DemoApplication in 2.454 seconds (JVM running for 2.935)
2019-08-12 16:53:20,136 [Thread-4] INFO  o.s.s.c.ThreadPoolTaskExecutor 208 - Shutting down ExecutorService 'applicationTaskExecutor'
2019-08-12 16:54:29,534 [main] INFO  com.example.demo.DemoApplication 50 - Starting DemoApplication v0.0.1-SNAPSHOT on M-NB-1710-001 with PID 18004 (D:\springWork\myMvnSpringBoot\demo\target\demo-0.0.1-SNAPSHOT.jar started by welen in D:\springWork\myMvnSpringBoot\demo)
2019-08-12 16:54:29,537 [main] INFO  com.example.demo.DemoApplication 647 - No active profile set, falling back to default profiles: default
2019-08-12 16:54:30,822 [main] INFO  o.s.b.w.e.tomcat.TomcatWebServer 90 - Tomcat initialized with port(s): 8080 (http)
2019-08-12 16:54:30,839 [main] INFO  o.a.coyote.http11.Http11NioProtocol 173 - Initializing ProtocolHandler ["http-nio-8080"]
2019-08-12 16:54:30,847 [main] INFO  o.a.catalina.core.StandardService 173 - Starting service [Tomcat]
2019-08-12 16:54:30,848 [main] INFO  o.a.catalina.core.StandardEngine 173 - Starting Servlet engine: [Apache Tomcat/9.0.22]
2019-08-12 16:54:30,954 [main] INFO  o.a.c.c.C.[Tomcat].[localhost].[/] 173 - Initializing Spring embedded WebApplicationContext
2019-08-12 16:54:30,954 [main] INFO  o.s.web.context.ContextLoader 284 - Root WebApplicationContext: initialization completed in 1374 ms
2019-08-12 16:54:31,179 [main] INFO  o.s.s.c.ThreadPoolTaskExecutor 171 - Initializing ExecutorService 'applicationTaskExecutor'
2019-08-12 16:54:31,246 [main] INFO  o.s.b.a.w.s.WelcomePageHandlerMapping 58 - Adding welcome page template: index
2019-08-12 16:54:31,387 [main] INFO  o.a.coyote.http11.Http11NioProtocol 173 - Starting ProtocolHandler ["http-nio-8080"]
2019-08-12 16:54:31,506 [main] INFO  o.s.b.w.e.tomcat.TomcatWebServer 202 - Tomcat started on port(s): 8080 (http) with context path ''
2019-08-12 16:54:31,509 [main] INFO  com.example.demo.DemoApplication 59 - Started DemoApplication in 2.307 seconds (JVM running for 2.804)
2019-08-12 16:54:38,396 [http-nio-8080-exec-1] INFO  o.a.c.c.C.[Tomcat].[localhost].[/] 173 - Initializing Spring DispatcherServlet 'dispatcherServlet'
2019-08-12 16:54:38,396 [http-nio-8080-exec-1] INFO  o.s.web.servlet.DispatcherServlet 524 - Initializing Servlet 'dispatcherServlet'
2019-08-12 16:54:38,400 [http-nio-8080-exec-1] INFO  o.s.web.servlet.DispatcherServlet 546 - Completed initialization in 4 ms
2019-08-12 16:55:09,762 [Thread-3] INFO  o.s.s.c.ThreadPoolTaskExecutor 208 - Shutting down ExecutorService 'applicationTaskExecutor'
